 THIS SOFTWARE AND ANY ACCOMPANYING DOCUMENTATION
 IS RELEASED "AS IS".  THE U.S. GOVERNMENT MAKES NO
 WARRANTY OF ANY KIND, EXPRESS OR IMPLIED, CONCERNING
 THIS SOFTWARE AND ANY ACCOMPANYING DOCUMENTATION,
 INCLUDING, WITHOUT LIMITATION, ANY WARRANTIES OF
 MERCHANTABILITY OR FITNESS FOR A PARTICULAR PURPOSE.
 IN NO EVENT WILL THE U.S. GOVERNMENT BE LIABLE FOR ANY
 DAMAGES, INCLUDING LOST PROFITS, LOST SAVINGS OR OTHER
 INCIDENTAL OR CONSEQUENTIAL DAMAGES ARISING OUT OF THE 
 USE, OR INABILITY TO USE, THIS SOFTWARE OR ANY
 ACCOMPANYING DOCUMENTATION, EVEN IF INFORMED IN ADVANCE
 OF THE POSSIBILITY OF SUCH DAMAGES.








                                        ****************************************************
                                        *    USAF STABILITY AND CONTROL  DIGITAL DATCOM    *
                                        *    PROGRAM REV. JAN 96   DIRECT INQUIRIES TO:    *
                                        *   WRIGHT LABORATORY  (WL/FIGC)  ATTN: W. BLAKE   *
                                        *         WRIGHT PATTERSON AFB, OHIO  45433        *
                                        *    PHONE (513) 255-6764,   FAX (513) 258-4054    *
                                        ****************************************************
1                         CONERR - INPUT ERROR CHECKING
0 ERROR CODES - N* DENOTES THE NUMBER OF OCCURENCES OF EACH ERROR
0 A - UNKNOWN VARIABLE NAME
0 B - MISSING EQUAL SIGN FOLLOWING VARIABLE NAME
0 C - NON-ARRAY VARIABLE HAS AN ARRAY ELEMENT DESIGNATION - (N)
0 D - NON-ARRAY VARIABLE HAS MULTIPLE VALUES ASSIGNED
0 E - ASSIGNED VALUES EXCEED ARRAY DIMENSION
0 F - SYNTAX ERROR

0******************************  INPUT DATA CARDS  ******************************

 DIM FT                                                                          
 DERIV DEG                                                                       
 TRIM                                                                            
 DAMP                                                                            
 PART                                                                            
  $FLTCON                                                                        
  WT=650.364,                                                                    
  LOOP=2.0, TR=1.0,                                                              
  NMACH=1.0,MACH(1)=0.158,                                                       
  NALT=1.0, ALT(1)=0.0,                                                          
  NALPHA=20.0,                                                                   
  ALSCHD(1)=-3.0,-2.5,-2.0,-1.5,-1.0,                                            
  0.0,0.5,1.0,1.5,2.0,                                                           
  2.5,3.0,3.5,4.0,5.0,                                                           
  6.0,7.5,10.0,12.5,15.0,                                                        
  RNNUB(1)=1.07E6,                                                               
  GAMMA=0.0$                                                                     
  $OPTINS SREF=109.038,CBARR=3.966,BLREF=28.796, ROUGFC=0.23E-3$                 
  $SYNTHS                                                                        
  XCG=6.90,ZCG=-0.8335,                                                          
  XW=5.674,ZW=-1.105,ALIW=0.7,                                                   
  XH=18.800,ZH=-0.063,ALIH=-2.0,                                                 
  XV=16.043,ZV=0.161,                                                            
  VERTUP=.TRUE.$                                                                 
  $BODY NX=19.0,                                                                 
  X(1)=-0.974,0.0000,0.5519,0.9066,1.8247,2.7349,                                
  3.7023,5.0482,5.7449,6.4525,7.1835,                                            
  8.0649,8.9839,10.0905,11.548,13.1568,                                          
  15.8459,18.152,20.1107,                                                        
  R(1)=0.0,0.4630,1.0671,1.1600,1.3353,1.4903,                                   
  1.6313,1.7881,1.8408,1.8807,1.8950,                                            
  1.8828,1.8302,1.7255,1.5104,1.2161,                                            
  0.7393,0.4738,0.336,                                                           
  ZU(1)=0.0,0.4820,0.5754,0.6260,0.7231,0.7970,                                  
  0.8624,0.9118,1.3377,1.7095,1.9686,                                            
  2.1438,2.1846,2.0488,1.6016,1.0874,                                            
  0.5936,0.3482,0.157,                                                           
  ZL(1)=0.0,-0.4370,-0.8095,-1.0109,-1.3585,-1.5630,                             
  -1.6700,-1.7232,-1.7329,-1.7211,-1.6985,                                       
  -1.6545,-1.5859,-1.4802,-1.3058,-1.0824,                                       
  -0.7123,-0.4776,-0.2157,                                                       
  ITYPE=1.0, METHOD=1.0$                                                         
  $WGPLNF CHRDR=4.854,CHRDTP=2.953,                                              
  SSPNE=12.538,SSPN=14.398,                                                      
  SAVSI=1.0,                                                                     
  CHSTAT=0.25,TWISTA=0.0,DHDADI=5.0,DHDADO=0.0,TYPE=1.0$                         
 NACA-W-6-632-412                                                                
 SAVE                                                                            
  $SYMFLP FTYPE=2.0,                                                             
  NDELTA=8.0,                                                                    
  DELTA(1)=0.0,5.0,10.0,15.0,20.0,25.0,30.0,35.0,                                
  PHETE=0.00290, PHETEP=0.002246,                                                
  CHRDFI=0.950,  CHRDFO=0.790,                                                   
  SPANFI=1.997,  SPANFO=7.657,                                                   
  CPRMEI(1)=4.580,4.586,4.592,4.598,4.605,4.611,4.617,4.623,                     
  CPRMEO(1)=3.761,3.766,3.771,3.776,3.781,3.786,3.791,3.796,                     
  NTYPE=1.0$                                                                     
 CASEID FLAPS: ProMecc Freccia Aircraft                                          
 NEXT CASE                                                                       
  $ASYFLP STYPE=4.0, NDELTA=9.0,                                                 
  DELTAL(1)=-12.0,-9.0,-6.0,-3.0,0.0,6.0,12.0,18.0,24.0,                         
  DELTAR(1)=24.0,18.0,12.0,6.0,0.0,-3.0,-6.0,-9.0,-12.0,                         
  SPANFI=7.655, SPANFO=13.346,                                                   
  PHETE=0.00290,                                                                 
  CHRDFI=0.875, CHRDFO=0.687$                                                    
 CASEID AILERONS: ProMecc Freccia Aircraft                                       
 SAVE                                                                            
 NEXT CASE                                                                       
 NACA H 4 0014                                                                   
  $HTPLNF CHRDR=2.953,CHRDTP=1.969,                                              
  SSPNE=4.737,SSPN=4.875,                                                        
  SAVSI=4.0,                                                                     
  CHSTAT=0.25,TWISTA=0.0,DHDADI=0.0,DHDADO=0.0,TYPE=1.0$                         
  $VTPLNF CHRDR=4.055,CHRDTP=2.116,                                              
  SSPNE=4.279,SSPN=4.432,                                                        
  SAVSI=48.0,                                                                    
  CHSTAT=.25,TYPE=1.0$                                                           
  $VFPLNF CHRDR=4.43, CHRDTP=0.0, CHSTAT=0.0, DHDADO=0.0,                        
  SAVSI=86.0, SSPN=0.45,  SSPNE=0.44, TYPE=1.0$                                  
  $SYMFLP FTYPE=1.0,                                                             
  NDELTA=9.0, DELTA(1)=-20.0,-15.0,-10.0,-5.0,0.0,2.5,5.0,10.0,15.0,             
  PHETE=0.003, PHETEP=0.002,                                                     
  CHRDFI=1.058,  CHRDFO=0.697,                                                   
  SPANFI=0.168,   SPANFO=4.855,                                                  
  CB=0.242,      TC=0.23,         NTYPE=1.0$                                     
 NACA-V-6-631-012                                                                
  $PROPWR AIETLP=0.0,NENGSP=1.0,THSTCP=0.0,                                      
  PHALOC=0.0,PHVLOC=0.0,PRPRAD=3.117,                                            
  ENGFCT=0.8,NOPBPE=3.0,                                                         
  YP=0.0,CROT=.FALSE.$                                                           
 CASEID TOTAL: ProMecc Freccia Aircraft                                          
1          THE FOLLOWING IS A LIST OF ALL INPUT CARDS FOR THIS CASE.
0
 DIM FT                                                                          
 DERIV DEG                                                                       
 TRIM                                                                            
 DAMP                                                                            
 PART                                                                            
  $FLTCON                                                                        
  WT=650.364,                                                                    
  LOOP=2.0, TR=1.0,                                                              
  NMACH=1.0,MACH(1)=0.158,                                                       
  NALT=1.0, ALT(1)=0.0,                                                          
  NALPHA=20.0,                                                                   
  ALSCHD(1)=-3.0,-2.5,-2.0,-1.5,-1.0,                                            
  0.0,0.5,1.0,1.5,2.0,                                                           
  2.5,3.0,3.5,4.0,5.0,                                                           
  6.0,7.5,10.0,12.5,15.0,                                                        
  RNNUB(1)=1.07E6,                                                               
  GAMMA=0.0$                                                                     
  $OPTINS SREF=109.038,CBARR=3.966,BLREF=28.796, ROUGFC=0.23E-3$                 
  $SYNTHS                                                                        
  XCG=6.90,ZCG=-0.8335,                                                          
  XW=5.674,ZW=-1.105,ALIW=0.7,                                                   
  XH=18.800,ZH=-0.063,ALIH=-2.0,                                                 
  XV=16.043,ZV=0.161,                                                            
  VERTUP=.TRUE.$                                                                 
  $BODY NX=19.0,                                                                 
  X(1)=-0.974,0.0000,0.5519,0.9066,1.8247,2.7349,                                
  3.7023,5.0482,5.7449,6.4525,7.1835,                                            
  8.0649,8.9839,10.0905,11.548,13.1568,                                          
  15.8459,18.152,20.1107,                                                        
  R(1)=0.0,0.4630,1.0671,1.1600,1.3353,1.4903,                                   
  1.6313,1.7881,1.8408,1.8807,1.8950,                                            
  1.8828,1.8302,1.7255,1.5104,1.2161,                                            
  0.7393,0.4738,0.336,                                                           
  ZU(1)=0.0,0.4820,0.5754,0.6260,0.7231,0.7970,                                  
  0.8624,0.9118,1.3377,1.7095,1.9686,                                            
  2.1438,2.1846,2.0488,1.6016,1.0874,                                            
  0.5936,0.3482,0.157,                                                           
  ZL(1)=0.0,-0.4370,-0.8095,-1.0109,-1.3585,-1.5630,                             
  -1.6700,-1.7232,-1.7329,-1.7211,-1.6985,                                       
  -1.6545,-1.5859,-1.4802,-1.3058,-1.0824,                                       
  -0.7123,-0.4776,-0.2157,                                                       
  ITYPE=1.0, METHOD=1.0$                                                         
  $WGPLNF CHRDR=4.854,CHRDTP=2.953,                                              
  SSPNE=12.538,SSPN=14.398,                                                      
  SAVSI=1.0,                                                                     
  CHSTAT=0.25,TWISTA=0.0,DHDADI=5.0,DHDADO=0.0,TYPE=1.0$                         
 NACA-W-6-632-412                                                                
 SAVE                                                                            
  $SYMFLP FTYPE=2.0,                                                             
  NDELTA=8.0,                                                                    
  DELTA(1)=0.0,5.0,10.0,15.0,20.0,25.0,30.0,35.0,                                
  PHETE=0.00290, PHETEP=0.002246,                                                
  CHRDFI=0.950,  CHRDFO=0.790,                                                   
  SPANFI=1.997,  SPANFO=7.657,                                                   
  CPRMEI(1)=4.580,4.586,4.592,4.598,4.605,4.611,4.617,4.623,                     
  CPRMEO(1)=3.761,3.766,3.771,3.776,3.781,3.786,3.791,3.796,                     
  NTYPE=1.0$                                                                     
 CASEID FLAPS: ProMecc Freccia Aircraft                                          
 NEXT CASE                                                                       
0 INPUT DIMENSIONS ARE IN FT, SCALE FACTOR IS 1.0000

1                             AUTOMATED STABILITY AND CONTROL METHODS PER APRIL 1976 VERSION OF DATCOM   
                                                        WING SECTION DEFINITION
                                                              NACA 63,2-412
     UPPER ABSCISSA     UPPER ORDINATE     LOWER ABSCISSA     LOWER ORDINATE      X-FRACTION CHORD    MEAN LINE    THICKNESS
          .00000             .00000            .00000            .00000               .00000            .00000        .00000
          .00005             .00455            .00195           -.00405               .00100            .00025        .00880
          .00080             .00653            .00320           -.00562               .00200            .00046        .01239
          .00163             .00808            .00437           -.00678               .00300            .00065        .01511
          .00250             .00940            .00550           -.00774               .00400            .00083        .01739
          .00339             .01056            .00661           -.00856               .00500            .00100        .01939
          .00430             .01162            .00770           -.00929               .00600            .00117        .02118
          .00522             .01260            .00878           -.00995               .00700            .00133        .02283
          .00615             .01352            .00985           -.01055               .00800            .00148        .02435
          .00709             .01438            .01091           -.01111               .00900            .00163        .02577
          .00804             .01520            .01196           -.01163               .01000            .00178        .02711
          .01768             .02185            .02232           -.01561               .02000            .00312        .03775
          .02749             .02699            .03251           -.01842               .03000            .00429        .04569
          .03737             .03133            .04263           -.02064               .04000            .00535        .05224
          .04730             .03515            .05270           -.02251               .05000            .00632        .05791
          .05725             .03858            .06275           -.02413               .06000            .00722        .06296
          .06723             .04172            .07277           -.02557               .07000            .00807        .06752
          .07722             .04462            .08278           -.02688               .08000            .00887        .07171
          .08722             .04732            .09278           -.02806               .09000            .00963        .07559
          .09724             .04985            .10276           -.02915               .10000            .01035        .07920
          .10726             .05223            .11274           -.03017               .11000            .01103        .08258
          .11729             .05447            .12271           -.03111               .12000            .01168        .08575
          .12732             .05659            .13268           -.03199               .13000            .01230        .08874
          .13736             .05859            .14264           -.03281               .14000            .01289        .09155
          .14740             .06049            .15260           -.03358               .15000            .01346        .09421
          .15745             .06229            .16255           -.03430               .16000            .01400        .09672
          .16750             .06399            .17250           -.03497               .17000            .01451        .09909
          .17756             .06561            .18244           -.03560               .18000            .01500        .10132
          .18762             .06713            .19238           -.03618               .19000            .01548        .10342
          .19768             .06857            .20232           -.03672               .20000            .01593        .10539
          .20774             .06993            .21226           -.03721               .21000            .01636        .10724
          .21781             .07121            .22219           -.03766               .22000            .01677        .10896
          .22788             .07240            .23212           -.03807               .23000            .01717        .11056
          .23795             .07352            .24205           -.03844               .24000            .01754        .11204
          .24802             .07456            .25198           -.03876               .25000            .01790        .11339
          .25809             .07552            .26191           -.03904               .26000            .01824        .11462
          .26817             .07640            .27183           -.03927               .27000            .01857        .11573
          .27825             .07721            .28175           -.03946               .28000            .01887        .11672
          .28833             .07793            .29167           -.03960               .29000            .01917        .11758
          .29841             .07858            .30159           -.03969               .30000            .01944        .11831
          .34882             .08060            .35118           -.03938               .35000            .02061        .12000
          .39924             .08059            .40076           -.03774               .40000            .02142        .11834
          .44964             .07874            .45036           -.03493               .45000            .02190        .11368
          .50000             .07531            .50000           -.03118               .50000            .02206        .10648
          .55031             .07052            .54969           -.02671               .55000            .02190        .09724
          .60056             .06463            .59944           -.02178               .60000            .02142        .08641
          .65073             .05784            .64927           -.01663               .65000            .02061        .07448
          .70083             .05040            .69917           -.01151               .70000            .01944        .06193
          .75086             .04249            .74914           -.00669               .75000            .01790        .04922
          .80081             .03433            .79919           -.00247               .80000            .01593        .03683
          .82077             .03102            .81923           -.00101               .82000            .01500        .03207
          .84072             .02771            .83928            .00028               .84000            .01400        .02747
          .86067             .02440            .85933            .00138               .86000            .01289        .02306
          .88060             .02109            .87940            .00227               .88000            .01168        .01887
          .90052             .01779            .89948            .00291               .90000            .01035        .01492
          .92044             .01448            .91956            .00326               .92000            .00887        .01126
          .94034             .01116            .93966            .00329               .94000            .00722        .00790
          .96025             .00778            .95975            .00292               .96000            .00535        .00489
          .98014             .00423            .97986            .00201               .98000            .00312        .00224
         1.00000             .00000           1.00000            .00000              1.00000            .00000        .00000
1                             AUTOMATED STABILITY AND CONTROL METHODS PER APRIL 1976 VERSION OF DATCOM   
                                                        WING SECTION DEFINITION
0                                 IDEAL ANGLE OF ATTACK =    .00000 DEG.

                              ZERO LIFT ANGLE OF ATTACK =  -3.10852 DEG.

                                 IDEAL LIFT COEFFICIENT =    .40000

                  ZERO LIFT PITCHING MOMENT COEFFICIENT =   -.08885

                             MACH ZERO LIFT-CURVE-SLOPE =    .10334 /DEG.

                                    LEADING EDGE RADIUS =    .00993 FRACTION CHORD

                              MAXIMUM AIRFOIL THICKNESS =    .12000 FRACTION CHORD

                                                DELTA-Y =   2.61808 PERCENT CHORD


0                         MACH=  .1580 LIFT-CURVE-SLOPE =    .11167 /DEG.      XAC =    .25744
1                               AUTOMATED STABILITY AND CONTROL METHODS PER APRIL 1976 VERSION OF DATCOM
                                         CHARACTERISTICS AT ANGLE OF ATTACK AND IN SIDESLIP
                                                       WING-BODY CONFIGURATION
                                                  FLAPS: ProMecc Freccia Aircraft
 
 -----------------------  FLIGHT CONDITIONS  ------------------------           --------------  REFERENCE DIMENSIONS  ------------
  MACH    ALTITUDE   VELOCITY    PRESSURE    TEMPERATURE     REYNOLDS             REF.      REFERENCE LENGTH   MOMENT REF. CENTER
 NUMBER                                                       NUMBER              AREA       LONG.     LAT.     HORIZ      VERT
             FT       FT/SEC     LB/FT**2       DEG R         1/FT               FT**2        FT        FT        FT        FT
0  .158        .00     176.38   2.1162E+03     518.670     1.0700E+06           109.038      3.966    28.796     6.900     -.834
0                                                               -------------------DERIVATIVE (PER DEGREE)-------------------
0 ALPHA     CD       CL       CM       CN       CA       XCP        CLA          CMA          CYB          CNB          CLB
0
   -3.0     .016     .056    -.1015    .055     .019   -1.846    9.723E-02    9.003E-04   -4.646E-03   -6.034E-04   -7.631E-04
   -2.5     .016     .105    -.1011    .104     .021    -.972    9.828E-02    9.239E-04                             -7.844E-04
   -2.0     .017     .154    -.1006    .154     .022    -.655    9.943E-02    9.475E-04                             -8.059E-04
   -1.5     .018     .204    -.1001    .204     .023    -.492    1.007E-01    9.711E-04                             -8.276E-04
   -1.0     .019     .255    -.0996    .254     .023    -.391    1.018E-01    9.953E-04                             -8.497E-04
     .0     .021     .358    -.0986    .358     .021    -.276    1.040E-01    1.045E-03                             -8.945E-04
     .5     .023     .410    -.0981    .410     .019    -.239    1.050E-01    1.070E-03                             -9.172E-04
    1.0     .025     .463    -.0975    .463     .017    -.211    1.060E-01    1.096E-03                             -9.401E-04
    1.5     .027     .516    -.0970    .517     .013    -.188    1.069E-01    1.123E-03                             -9.633E-04
    2.0     .029     .570    -.0964    .570     .010    -.169    1.077E-01    1.149E-03                             -9.866E-04
    2.5     .032     .624    -.0958    .625     .005    -.153    1.085E-01    1.176E-03                             -1.010E-03
    3.0     .035     .678    -.0952    .679     .000    -.140    1.092E-01    1.204E-03                             -1.034E-03
    3.5     .039     .733    -.0946    .734    -.006    -.129    1.099E-01    1.231E-03                             -1.058E-03
    4.0     .042     .788    -.0940    .789    -.013    -.119    1.107E-01    1.203E-03                             -1.082E-03
    5.0     .050     .900    -.0929    .901    -.028    -.103    1.124E-01    9.665E-04                             -1.130E-03
    6.0     .060    1.013    -.0921   1.014    -.047    -.091    1.140E-01    6.641E-04                             -1.179E-03
    7.5     .076    1.186    -.0914   1.186    -.079    -.077    1.078E-01    5.003E-04                             -1.254E-03
   10.0     .104    1.425    -.0899   1.421    -.145    -.063    8.629E-02    5.415E-04                             -1.358E-03
   12.5     .132    1.617    -.0887   1.607    -.221    -.055    6.376E-02    4.959E-04                             -1.442E-03
   15.0     .155    1.743    -.0874   1.724    -.301    -.051    3.723E-02    5.307E-04                             -1.497E-03
1                               AUTOMATED STABILITY AND CONTROL METHODS PER APRIL 1976 VERSION OF DATCOM
                                                         DYNAMIC DERIVATIVES
                                                       WING-BODY CONFIGURATION
                                                  FLAPS: ProMecc Freccia Aircraft
 
 -----------------------  FLIGHT CONDITIONS  ------------------------           --------------  REFERENCE DIMENSIONS  ------------
  MACH    ALTITUDE   VELOCITY    PRESSURE    TEMPERATURE     REYNOLDS             REF.      REFERENCE LENGTH   MOMENT REF. CENTER
 NUMBER                                                       NUMBER              AREA       LONG.     LAT.     HORIZ      VERT
             FT       FT/SEC     LB/FT**2       DEG R         1/FT               FT**2        FT        FT        FT        FT
0  .158        .00     176.38   2.1162E+03     518.670     1.0700E+06           109.038      3.966    28.796     6.900     -.834
                                                    DYNAMIC DERIVATIVES (PER DEGREE)
0           -------PITCHING-------    -----ACCELERATION------    --------------ROLLING--------------    --------YAWING--------
0   ALPHA       CLQ          CMQ           CLAD         CMAD         CLP          CYP          CNP          CNR          CLR
0
    -3.00    5.504E-02    5.716E-03       NDM          NDM       -8.573E-03   -2.304E-03   -7.869E-05   -3.975E-05    2.663E-04
    -2.50                                                        -8.690E-03   -2.337E-03   -1.276E-04   -4.141E-05    4.314E-04
    -2.00                                                        -8.806E-03   -2.370E-03   -1.766E-04   -4.389E-05    5.988E-04
    -1.50                                                        -8.917E-03   -2.403E-03   -2.256E-04   -4.723E-05    7.683E-04
    -1.00                                                        -9.024E-03   -2.436E-03   -2.747E-04   -5.147E-05    9.399E-04
      .00                                                        -9.224E-03   -2.504E-03   -3.732E-04   -6.272E-05    1.289E-03
      .50                                                        -9.317E-03   -2.538E-03   -4.227E-04   -6.979E-05    1.466E-03
     1.00                                                        -9.406E-03   -2.573E-03   -4.722E-04   -7.786E-05    1.645E-03
     1.50                                                        -9.489E-03   -2.608E-03   -5.219E-04   -8.694E-05    1.826E-03
     2.00                                                        -9.568E-03   -2.643E-03   -5.718E-04   -9.705E-05    2.008E-03
     2.50                                                        -9.641E-03   -2.678E-03   -6.218E-04   -1.082E-04    2.191E-03
     3.00                                                        -9.709E-03   -2.713E-03   -6.721E-04   -1.205E-04    2.376E-03
     3.50                                                        -9.772E-03   -2.749E-03   -7.226E-04   -1.338E-04    2.562E-03
     4.00                                                        -9.830E-03   -2.785E-03   -7.734E-04   -1.482E-04    2.749E-03
     5.00                                                        -9.929E-03   -2.858E-03   -8.759E-04   -1.803E-04    3.126E-03
     6.00                                                        -1.001E-02   -2.931E-03   -9.800E-04   -2.169E-04    3.507E-03
     7.50                                                        -9.308E-03   -3.050E-03   -1.196E-03   -2.801E-04    4.081E-03
    10.00                                                        -7.143E-03   -3.230E-03   -1.589E-03   -3.792E-04    4.846E-03
    12.50                                                        -4.933E-03   -3.388E-03   -1.962E-03   -4.666E-04    5.432E-03
    15.00                                                        -2.342E-03   -3.484E-03   -2.210E-03   -5.214E-04    5.769E-03
0*** NDM PRINTED WHEN NO DATCOM METHODS EXIST
0*** VEHICLE WEIGHT =    650.36 LB.
0*** LEVEL FLIGHT LIFT COEFFICIENT =  .16129
1                             AUTOMATED STABILITY AND CONTROL METHODS PER APRIL 1976 VERSION OF DATCOM
                                             CONFIGURATION AUXILIARY AND PARTIAL OUTPUT
                                                       WING-BODY CONFIGURATION
                                                  FLAPS: ProMecc Freccia Aircraft
 -----------------------  FLIGHT CONDITIONS  ------------------------           --------------  REFERENCE DIMENSIONS  ------------
  MACH    ALTITUDE   VELOCITY    PRESSURE    TEMPERATURE     REYNOLDS             REF.      REFERENCE LENGTH   MOMENT REF. CENTER
 NUMBER                                                       NUMBER              AREA       LONG.     LAT.     HORIZ      VERT
             FT       FT/SEC     LB/FT**2       DEG R         1/FT               FT**2        FT        FT        FT        FT
0  .158        .00     176.38   2.1162E+03     518.670     1.0700E+06           109.038      3.966    28.796     6.900     -.834


                                                       BASIC BODY PROPERTIES

            WETTED AREA      XCG     ZCG     BASE AREA     ZERO LIFT DRAG   BASE DRAG   FRICTION DRAG   PRESSURE DRAG
              .1538E+03     6.90    -.83       3.3700         .7258E-02     .2220E-02     .5038E-02         NA  


                                         XCG RELATIVE TO THEORETICAL LEADING EDGE MAC=    .89


                                                       BASIC PLANFORM PROPERTIES

                                    TAPER     ASPECT   QUARTER CHORD             QUARTER CHORD              ZERO LIFT    FRICTION
                         AREA       RATIO      RATIO       SWEEP        MAC        X(MAC)       Y(MAC)        DRAG     COEFFICIENT
0      WING
   TOTAL THEORITICAL
+                      .1124E+03     .608     .7377E+01     1.000     .398E+01     .700E+01     .661E+01                       
       TOTAL EXPOSED
+                      .9481E+02     .641     .6633E+01     1.000     .384E+01     .702E+01     .767E+01     .748E-02     .345E-02
0*** NA PRINTED WHEN METHOD NOT APPLICABLE
1                             AUTOMATED STABILITY AND CONTROL METHODS PER APRIL 1976 VERSION OF DATCOM
                                             CONFIGURATION AUXILIARY AND PARTIAL OUTPUT
                                                       WING-BODY CONFIGURATION
                                                  FLAPS: ProMecc Freccia Aircraft
 -----------------------  FLIGHT CONDITIONS  ------------------------           --------------  REFERENCE DIMENSIONS  ------------
  MACH    ALTITUDE   VELOCITY    PRESSURE    TEMPERATURE     REYNOLDS             REF.      REFERENCE LENGTH   MOMENT REF. CENTER
 NUMBER                                                       NUMBER              AREA       LONG.     LAT.     HORIZ      VERT
             FT       FT/SEC     LB/FT**2       DEG R         1/FT               FT**2        FT        FT        FT        FT
0  .158        .00     176.38   2.1162E+03     518.670     1.0700E+06           109.038      3.966    28.796     6.900     -.834
0          CLA-B(W)= 1.268E-02     CLA-W(B)= 7.916E-02     K-B(W)= 1.767E-01     K-W(B)= 1.103E+00     XAC/C-B(W)= 3.001E-01



                ALPHA         IV-B(W)          IV-W(H)          IV-B(H)          GAMMA/                  GAMMA/
                                                                              2*PI*ALPHA*V*R         (2*PI*ALPHA*V*R)T
                -3.000        .0000E+01          NA               NA             .0000E+01                  NA  
                -2.500        .0000E+01          NA               NA             .0000E+01                  NA  
                -2.000        .0000E+01          NA               NA             .0000E+01                  NA  
                -1.500        .0000E+01          NA               NA             .0000E+01                  NA  
                -1.000        .0000E+01          NA               NA             .0000E+01                  NA  
                  .000        .0000E+01          NA               NA             .0000E+01                  NA  
                  .500        .0000E+01          NA               NA             .0000E+01                  NA  
                 1.000        .0000E+01          NA               NA             .0000E+01                  NA  
                 1.500        .0000E+01          NA               NA             .0000E+01                  NA  
                 2.000        .0000E+01          NA               NA             .0000E+01                  NA  
                 2.500        .0000E+01          NA               NA             .0000E+01                  NA  
                 3.000        .0000E+01          NA               NA             .0000E+01                  NA  
                 3.500        .0000E+01          NA               NA             .0000E+01                  NA  
                 4.000        .0000E+01          NA               NA             .0000E+01                  NA  
                 5.000        .0000E+01          NA               NA             .0000E+01                  NA  
                 6.000        .0000E+01          NA               NA               NDM                      NA  
                 7.500        .0000E+01          NA               NA               NDM                      NA  
                10.000        .0000E+01          NA               NA               NDM                      NA  
                12.500        .0000E+01          NA               NA               NDM                      NA  
                15.000        .0000E+01          NA               NA               NDM                      NA  


                                                  DYNAMIC DERIVATIVE INCREMENTALS
          CLP(GAMMA=CL=0) =-4.7724E-01     CLP(GAMMA)/CLP (GAMMA=0) = 1.0033E+00      CNP/THETA = 5.9901E-05
                              CYP/GAMMA =-1.2519E-01                    CYP/CL (CL=0) =-5.8597E-02

                                             CLB/GAMMA        (CMO/THETA)W     (CMO/THETA)H
                                              -.2319E-03           NA                NA  
0*** NDM PRINTED WHEN NO DATCOM METHODS EXIST
0*** NA PRINTED WHEN METHOD NOT APPLICABLE
1
1                            AUTOMATED STABILITY AND CONTROL METHODS PER APRIL 1976 VERSION OF DATCOM
                                         CHARACTERISTICS OF HIGH LIFT AND CONTROL DEVICES
                                              WING SINGLE-SLOTTED FLAP CONFIGURATION
                                                  FLAPS: ProMecc Freccia Aircraft
 -----------------------  FLIGHT CONDITIONS  ------------------------           --------------  REFERENCE DIMENSIONS  ------------
  MACH    ALTITUDE   VELOCITY    PRESSURE    TEMPERATURE     REYNOLDS             REF.      REFERENCE LENGTH   MOMENT REF. CENTER
 NUMBER                                                       NUMBER              AREA       LONG.     LAT.     HORIZ      VERT
             FT       FT/SEC     LB/FT**2       DEG R         1/FT               FT**2        FT        FT        FT        FT
0  .158        .00     176.38   2.1162E+03     518.670     1.0700E+06           109.038      3.966    28.796     6.900     -.834
0            ---------INCREMENTS DUE TO DEFLECTION---------              ---DERIVATIVES (PER DEGREE)---
0     DELTA     D(CL)     D(CM)    D(CL MAX)    D(CD MIN)                (CLA)D     (CH)A       (CH)D


         .0      .000     -.0001      .000       .00000                7.166E-02     NDM         NDM 
        5.0      .081     -.0287      .023       .00123                7.167E-02                 NDM 
       10.0      .161     -.0573      .066       .00340                7.168E-02                 NDM 
       15.0      .237     -.0845      .123       .00673                7.169E-02                 NDM 
       20.0      .310     -.1110      .192       .01077                7.170E-02                 NDM 
       25.0      .372     -.1336      .256       .01736                7.171E-02                 NDM 
       30.0      .423     -.1523      .321       .02382                7.172E-02                 NDM 
       35.0      .461     -.1664      .386       .03133                7.174E-02                 NDM 
0  *** NOTE * HINGE MOMENT DERIVATIVES ARE BASED ON TWICE THE AREA-MOMENT OF THE CONTROL ABOUT ITS HINGE LINE

0            --------- INDUCED DRAG COEFFICIENT INCREMENT , D(CDI) , DUE TO DEFLECTION ---------
0       DELTA =    .0       5.0      10.0      15.0      20.0      25.0      30.0      35.0
   ALPHA
0
    -3.0       -1.96E-06 -5.76E-04 -3.56E-04  5.83E-04  2.16E-03  4.02E-03  5.90E-03  7.51E-03
    -2.5       -1.44E-06 -3.18E-04  1.58E-04  1.34E-03  3.15E-03  5.21E-03  7.26E-03  8.99E-03
    -2.0       -9.23E-07 -5.98E-05  6.73E-04  2.10E-03  4.14E-03  6.40E-03  8.61E-03  1.05E-02
    -1.5       -4.05E-07  1.99E-04  1.19E-03  2.86E-03  5.13E-03  7.59E-03  9.96E-03  1.19E-02
    -1.0        1.14E-07  4.57E-04  1.70E-03  3.61E-03  6.12E-03  8.78E-03  1.13E-02  1.34E-02
      .0        1.15E-06  9.73E-04  2.73E-03  5.13E-03  8.11E-03  1.12E-02  1.40E-02  1.64E-02
      .5        1.67E-06  1.23E-03  3.25E-03  5.89E-03  9.10E-03  1.24E-02  1.54E-02  1.78E-02
     1.0        2.19E-06  1.49E-03  3.76E-03  6.65E-03  1.01E-02  1.35E-02  1.67E-02  1.93E-02
     1.5        2.71E-06  1.75E-03  4.27E-03  7.40E-03  1.11E-02  1.47E-02  1.81E-02  2.08E-02
     2.0        3.23E-06  2.01E-03  4.79E-03  8.16E-03  1.21E-02  1.59E-02  1.94E-02  2.23E-02
     2.5        3.74E-06  2.26E-03  5.30E-03  8.92E-03  1.31E-02  1.71E-02  2.08E-02  2.38E-02
     3.0        4.26E-06  2.52E-03  5.82E-03  9.68E-03  1.41E-02  1.83E-02  2.22E-02  2.52E-02
     3.5        4.78E-06  2.78E-03  6.33E-03  1.04E-02  1.51E-02  1.95E-02  2.35E-02  2.67E-02
     4.0        5.30E-06  3.04E-03  6.85E-03  1.12E-02  1.60E-02  2.07E-02  2.49E-02  2.82E-02
     5.0        6.34E-06  3.56E-03  7.88E-03  1.27E-02  1.80E-02  2.31E-02  2.76E-02  3.11E-02
     6.0        7.38E-06  4.07E-03  8.90E-03  1.42E-02  2.00E-02  2.55E-02  3.03E-02  3.41E-02
     7.5        8.94E-06  4.85E-03  1.04E-02  1.65E-02  2.30E-02  2.90E-02  3.44E-02  3.85E-02
    10.0        1.15E-05  6.14E-03  1.30E-02  2.03E-02  2.79E-02  3.50E-02  4.11E-02  4.59E-02
    12.5        1.41E-05  7.43E-03  1.56E-02  2.41E-02  3.29E-02  4.10E-02  4.79E-02  5.33E-02
    15.0        1.67E-05  8.72E-03  1.82E-02  2.79E-02  3.79E-02  4.69E-02  5.47E-02  6.07E-02
0***NDM PRINTED WHEN NO DATCOM METHODS EXIST
1                            AUTOMATED STABILITY AND CONTROL METHODS PER APRIL 1976 VERSION OF DATCOM
                                         CHARACTERISTICS OF HIGH LIFT AND CONTROL DEVICES
                                            WING-BODY TRIM WITH CONTROL DEVICE ON WING
 -----------------------  FLIGHT CONDITIONS  ------------------------           --------------  REFERENCE DIMENSIONS  ------------
  MACH    ALTITUDE   VELOCITY    PRESSURE    TEMPERATURE     REYNOLDS             REF.      REFERENCE LENGTH   MOMENT REF. CENTER
 NUMBER                                                       NUMBER              AREA       LONG.     LAT.     HORIZ      VERT
             FT       FT/SEC     LB/FT**2       DEG R         1/FT               FT**2        FT        FT        FT        FT
0  .158        .00     176.38   2.1162E+03     518.670     1.0700E+06           109.038      3.966    28.796     6.900     -.834
0         ----------UNTRIMMED----------            -----------------------AT TRIM DEFLECTION-----------------------
0    ALPHA     CL         CD       CM     DELTAT   D(CL)    D(CL MAX)     D(CDI)    D(CD MIN)   CH(A)        CH(D)
0
0*NOTE** TRIM RESULTS HAVE BEEN TERMINATED DUE TO LACK OF CONTROL MOMENT.
1          THE FOLLOWING IS A LIST OF ALL INPUT CARDS FOR THIS CASE.
0
  $ASYFLP STYPE=4.0, NDELTA=9.0,                                                 
  DELTAL(1)=-12.0,-9.0,-6.0,-3.0,0.0,6.0,12.0,18.0,24.0,                         
  DELTAR(1)=24.0,18.0,12.0,6.0,0.0,-3.0,-6.0,-9.0,-12.0,                         
  SPANFI=7.655, SPANFO=13.346,                                                   
  PHETE=0.00290,                                                                 
  CHRDFI=0.875, CHRDFO=0.687$                                                    
 CASEID AILERONS: ProMecc Freccia Aircraft                                       
 SAVE                                                                            
 NEXT CASE                                                                       
0 INPUT DIMENSIONS ARE IN FT, SCALE FACTOR IS 1.0000

1                             AUTOMATED STABILITY AND CONTROL METHODS PER APRIL 1976 VERSION OF DATCOM   
                                                        WING SECTION DEFINITION
0                                 IDEAL ANGLE OF ATTACK =    .00000 DEG.

                              ZERO LIFT ANGLE OF ATTACK =  -3.10852 DEG.

                                 IDEAL LIFT COEFFICIENT =    .40000

                  ZERO LIFT PITCHING MOMENT COEFFICIENT =   -.08885

                             MACH ZERO LIFT-CURVE-SLOPE =    .10334 /DEG.

                                    LEADING EDGE RADIUS =    .00993 FRACTION CHORD

                              MAXIMUM AIRFOIL THICKNESS =    .12000 FRACTION CHORD

                                                DELTA-Y =   2.61808 PERCENT CHORD


0                         MACH=  .1580 LIFT-CURVE-SLOPE =    .11167 /DEG.      XAC =    .25744
1                               AUTOMATED STABILITY AND CONTROL METHODS PER APRIL 1976 VERSION OF DATCOM
                                         CHARACTERISTICS AT ANGLE OF ATTACK AND IN SIDESLIP
                                                       WING-BODY CONFIGURATION
                                                AILERONS: ProMecc Freccia Aircraft
 
 -----------------------  FLIGHT CONDITIONS  ------------------------           --------------  REFERENCE DIMENSIONS  ------------
  MACH    ALTITUDE   VELOCITY    PRESSURE    TEMPERATURE     REYNOLDS             REF.      REFERENCE LENGTH   MOMENT REF. CENTER
 NUMBER                                                       NUMBER              AREA       LONG.     LAT.     HORIZ      VERT
             FT       FT/SEC     LB/FT**2       DEG R         1/FT               FT**2        FT        FT        FT        FT
0  .158        .00     176.38   2.1162E+03     518.670     1.0700E+06           109.038      3.966    28.796     6.900     -.834
0                                                               -------------------DERIVATIVE (PER DEGREE)-------------------
0 ALPHA     CD       CL       CM       CN       CA       XCP        CLA          CMA          CYB          CNB          CLB
0
   -3.0     .016     .056    -.1015    .055     .019   -1.846    9.723E-02    9.003E-04   -4.646E-03   -6.034E-04   -7.631E-04
   -2.5     .016     .105    -.1011    .104     .021    -.972    9.828E-02    9.239E-04                             -7.844E-04
   -2.0     .017     .154    -.1006    .154     .022    -.655    9.943E-02    9.475E-04                             -8.059E-04
   -1.5     .018     .204    -.1001    .204     .023    -.492    1.007E-01    9.711E-04                             -8.276E-04
   -1.0     .019     .255    -.0996    .254     .023    -.391    1.018E-01    9.953E-04                             -8.497E-04
     .0     .021     .358    -.0986    .358     .021    -.276    1.040E-01    1.045E-03                             -8.945E-04
     .5     .023     .410    -.0981    .410     .019    -.239    1.050E-01    1.070E-03                             -9.172E-04
    1.0     .025     .463    -.0975    .463     .017    -.211    1.060E-01    1.096E-03                             -9.401E-04
    1.5     .027     .516    -.0970    .517     .013    -.188    1.069E-01    1.123E-03                             -9.633E-04
    2.0     .029     .570    -.0964    .570     .010    -.169    1.077E-01    1.149E-03                             -9.866E-04
    2.5     .032     .624    -.0958    .625     .005    -.153    1.085E-01    1.176E-03                             -1.010E-03
    3.0     .035     .678    -.0952    .679     .000    -.140    1.092E-01    1.204E-03                             -1.034E-03
    3.5     .039     .733    -.0946    .734    -.006    -.129    1.099E-01    1.231E-03                             -1.058E-03
    4.0     .042     .788    -.0940    .789    -.013    -.119    1.107E-01    1.203E-03                             -1.082E-03
    5.0     .050     .900    -.0929    .901    -.028    -.103    1.124E-01    9.665E-04                             -1.130E-03
    6.0     .060    1.013    -.0921   1.014    -.047    -.091    1.140E-01    6.641E-04                             -1.179E-03
    7.5     .076    1.186    -.0914   1.186    -.079    -.077    1.078E-01    5.003E-04                             -1.254E-03
   10.0     .104    1.425    -.0899   1.421    -.145    -.063    8.629E-02    5.415E-04                             -1.358E-03
   12.5     .132    1.617    -.0887   1.607    -.221    -.055    6.376E-02    4.959E-04                             -1.442E-03
   15.0     .155    1.743    -.0874   1.724    -.301    -.051    3.723E-02    5.307E-04                             -1.497E-03
0*** VEHICLE WEIGHT =    650.36 LB.
0*** LEVEL FLIGHT LIFT COEFFICIENT =  .16129
1                            AUTOMATED STABILITY AND CONTROL METHODS PER APRIL 1976 VERSION OF DATCOM
                                         CHARACTERISTICS OF HIGH LIFT AND CONTROL DEVICES
                                            WING PLAIN TRAILING-EDGE FLAP CONFIGURATION
                                                AILERONS: ProMecc Freccia Aircraft
 -----------------------  FLIGHT CONDITIONS  ------------------------           --------------  REFERENCE DIMENSIONS  ------------
  MACH    ALTITUDE   VELOCITY    PRESSURE    TEMPERATURE     REYNOLDS             REF.      REFERENCE LENGTH   MOMENT REF. CENTER
 NUMBER                                                       NUMBER              AREA       LONG.     LAT.     HORIZ      VERT
             FT       FT/SEC     LB/FT**2       DEG R         1/FT               FT**2        FT        FT        FT        FT
0  .158        .00     176.38   2.1162E+03     518.670     1.0700E+06           109.038      3.966    28.796     6.900     -.834
0                           ----------YAWING MOMENT COEFFICIENT,CN,DUE TO CONTROL DEFLECTION----------
0(DELTAL-DELTAR)=-36.0       -27.0       -18.0        -9.0          .0         9.0        18.0        27.0        36.0
0ALPHA
0
  -3.0         5.355E-04   4.645E-04   3.223E-04   1.618E-04   0.000E+00  -1.618E-04  -3.223E-04  -4.645E-04  -5.355E-04
  -2.5         8.730E-04   7.573E-04   5.254E-04   2.638E-04   0.000E+00  -2.638E-04  -5.254E-04  -7.573E-04  -8.730E-04
  -2.0         1.215E-03   1.054E-03   7.313E-04   3.671E-04   0.000E+00  -3.671E-04  -7.313E-04  -1.054E-03  -1.215E-03
  -1.5         1.562E-03   1.355E-03   9.398E-04   4.718E-04   0.000E+00  -4.718E-04  -9.398E-04  -1.355E-03  -1.562E-03
  -1.0         1.912E-03   1.659E-03   1.151E-03   5.778E-04   0.000E+00  -5.778E-04  -1.151E-03  -1.659E-03  -1.912E-03
    .0         2.626E-03   2.278E-03   1.580E-03   7.934E-04   0.000E+00  -7.934E-04  -1.580E-03  -2.278E-03  -2.626E-03
    .5         2.988E-03   2.592E-03   1.798E-03   9.028E-04   0.000E+00  -9.028E-04  -1.798E-03  -2.592E-03  -2.988E-03
   1.0         3.354E-03   2.909E-03   2.019E-03   1.013E-03   0.000E+00  -1.013E-03  -2.019E-03  -2.909E-03  -3.354E-03
   1.5         3.723E-03   3.230E-03   2.241E-03   1.125E-03   0.000E+00  -1.125E-03  -2.241E-03  -3.230E-03  -3.723E-03
   2.0         4.095E-03   3.552E-03   2.465E-03   1.237E-03   0.000E+00  -1.237E-03  -2.465E-03  -3.552E-03  -4.095E-03
   2.5         4.471E-03   3.878E-03   2.691E-03   1.351E-03   0.000E+00  -1.351E-03  -2.691E-03  -3.878E-03  -4.471E-03
   3.0         4.848E-03   4.205E-03   2.918E-03   1.465E-03   0.000E+00  -1.465E-03  -2.918E-03  -4.205E-03  -4.848E-03
   3.5         5.229E-03   4.535E-03   3.147E-03   1.580E-03   0.000E+00  -1.580E-03  -3.147E-03  -4.535E-03  -5.229E-03
   4.0         5.611E-03   4.867E-03   3.377E-03   1.695E-03   0.000E+00  -1.695E-03  -3.377E-03  -4.867E-03  -5.611E-03
   5.0         6.382E-03   5.536E-03   3.841E-03   1.928E-03   0.000E+00  -1.928E-03  -3.841E-03  -5.536E-03  -6.382E-03
   6.0         7.159E-03   6.210E-03   4.309E-03   2.163E-03   0.000E+00  -2.163E-03  -4.309E-03  -6.210E-03  -7.159E-03
   7.5         8.334E-03   7.229E-03   5.015E-03   2.518E-03   0.000E+00  -2.518E-03  -5.015E-03  -7.229E-03  -8.334E-03
  10.0         9.896E-03   8.584E-03   5.956E-03   2.990E-03   0.000E+00  -2.990E-03  -5.956E-03  -8.584E-03  -9.896E-03
  12.5         1.109E-02   9.624E-03   6.677E-03   3.352E-03   0.000E+00  -3.352E-03  -6.677E-03  -9.624E-03  -1.109E-02
  15.0         1.178E-02   1.022E-02   7.092E-03   3.560E-03   0.000E+00  -3.560E-03  -7.092E-03  -1.022E-02  -1.178E-02
0
0                                            DELTAL          DELTAR          (CL)ROLL
0
                                             -12.0            24.0           -6.0742E-02
                                              -9.0            18.0           -5.2683E-02
                                              -6.0            12.0           -3.6554E-02
                                              -3.0             6.0           -1.8350E-02
                                                .0              .0            0.0000E+00
                                               6.0            -3.0            1.8350E-02
                                              12.0            -6.0            3.6554E-02
                                              18.0            -9.0            5.2683E-02
                                              24.0           -12.0            6.0742E-02
1          THE FOLLOWING IS A LIST OF ALL INPUT CARDS FOR THIS CASE.
0
 NACA H 4 0014                                                                   
  $HTPLNF CHRDR=2.953,CHRDTP=1.969,                                              
  SSPNE=4.737,SSPN=4.875,                                                        
  SAVSI=4.0,                                                                     
  CHSTAT=0.25,TWISTA=0.0,DHDADI=0.0,DHDADO=0.0,TYPE=1.0$                         
  $VTPLNF CHRDR=4.055,CHRDTP=2.116,                                              
  SSPNE=4.279,SSPN=4.432,                                                        
  SAVSI=48.0,                                                                    
  CHSTAT=.25,TYPE=1.0$                                                           
  $VFPLNF CHRDR=4.43, CHRDTP=0.0, CHSTAT=0.0, DHDADO=0.0,                        
  SAVSI=86.0, SSPN=0.45,  SSPNE=0.44, TYPE=1.0$                                  
  $SYMFLP FTYPE=1.0,                                                             
  NDELTA=9.0, DELTA(1)=-20.0,-15.0,-10.0,-5.0,0.0,2.5,5.0,10.0,15.0,             
  PHETE=0.003, PHETEP=0.002,                                                     
  CHRDFI=1.058,  CHRDFO=0.697,                                                   
  SPANFI=0.168,   SPANFO=4.855,                                                  
  CB=0.242,      TC=0.23,         NTYPE=1.0$                                     
 NACA-V-6-631-012                                                                
  $PROPWR AIETLP=0.0,NENGSP=1.0,THSTCP=0.0,                                      
  PHALOC=0.0,PHVLOC=0.0,PRPRAD=3.117,                                            
  ENGFCT=0.8,NOPBPE=3.0,                                                         
  YP=0.0,CROT=.FALSE.$                                                           
 CASEID TOTAL: ProMecc Freccia Aircraft                                          
0 INPUT DIMENSIONS ARE IN FT, SCALE FACTOR IS 1.0000

1                             AUTOMATED STABILITY AND CONTROL METHODS PER APRIL 1976 VERSION OF DATCOM   
                                                        WING SECTION DEFINITION
0                                 IDEAL ANGLE OF ATTACK =    .00000 DEG.

                              ZERO LIFT ANGLE OF ATTACK =  -3.10852 DEG.

                                 IDEAL LIFT COEFFICIENT =    .40000

                  ZERO LIFT PITCHING MOMENT COEFFICIENT =   -.08885

                             MACH ZERO LIFT-CURVE-SLOPE =    .10334 /DEG.

                                    LEADING EDGE RADIUS =    .00993 FRACTION CHORD

                              MAXIMUM AIRFOIL THICKNESS =    .12000 FRACTION CHORD

                                                DELTA-Y =   2.61808 PERCENT CHORD


0                         MACH=  .1580 LIFT-CURVE-SLOPE =    .11167 /DEG.      XAC =    .25744
1                             AUTOMATED STABILITY AND CONTROL METHODS PER APRIL 1976 VERSION OF DATCOM   
                                                   HORIZONTAL TAIL SECTION DEFINITION
0                                 IDEAL ANGLE OF ATTACK =    .00000 DEG.

                              ZERO LIFT ANGLE OF ATTACK =    .00000 DEG.

                                 IDEAL LIFT COEFFICIENT =    .00000

                  ZERO LIFT PITCHING MOMENT COEFFICIENT =    .00000

                             MACH ZERO LIFT-CURVE-SLOPE =    .09427 /DEG.

                                    LEADING EDGE RADIUS =    .02160 FRACTION CHORD

                              MAXIMUM AIRFOIL THICKNESS =    .14000 FRACTION CHORD

                                                DELTA-Y =   3.69714 PERCENT CHORD


0                         MACH=  .1580 LIFT-CURVE-SLOPE =    .10188 /DEG.      XAC =    .25939
1                             AUTOMATED STABILITY AND CONTROL METHODS PER APRIL 1976 VERSION OF DATCOM   
                                                    VERTICAL TAIL SECTION DEFINITION
0                                 IDEAL ANGLE OF ATTACK =    .00000 DEG.

                              ZERO LIFT ANGLE OF ATTACK =    .00000 DEG.

                                 IDEAL LIFT COEFFICIENT =    .00000

                  ZERO LIFT PITCHING MOMENT COEFFICIENT =    .00000

                             MACH ZERO LIFT-CURVE-SLOPE =    .10244 /DEG.

                                    LEADING EDGE RADIUS =    .00993 FRACTION CHORD

                              MAXIMUM AIRFOIL THICKNESS =    .12000 FRACTION CHORD

                                                DELTA-Y =   2.61808 PERCENT CHORD


0                         MACH=  .1580 LIFT-CURVE-SLOPE =    .11012 /DEG.      XAC =    .25831
1                               AUTOMATED STABILITY AND CONTROL METHODS PER APRIL 1976 VERSION OF DATCOM
                                         CHARACTERISTICS AT ANGLE OF ATTACK AND IN SIDESLIP
                                  WING-BODY-HORIZONTAL TAIL-VERTICAL TAIL-VENTRAL FIN CONFIGURATION
                               PROPELLER POWER EFFECTS INCLUDED IN THE LONGITUDINAL STABILITY RESULTS
                                                  TOTAL: ProMecc Freccia Aircraft
 
 -----------------------  FLIGHT CONDITIONS  ------------------------           --------------  REFERENCE DIMENSIONS  ------------
  MACH    ALTITUDE   VELOCITY    PRESSURE    TEMPERATURE     REYNOLDS             REF.      REFERENCE LENGTH   MOMENT REF. CENTER
 NUMBER                                                       NUMBER              AREA       LONG.     LAT.     HORIZ      VERT
             FT       FT/SEC     LB/FT**2       DEG R         1/FT               FT**2        FT        FT        FT        FT
0  .158        .00     176.38   2.1162E+03     518.670     1.0700E+06           109.038      3.966    28.796     6.900     -.834
0                                                               -------------------DERIVATIVE (PER DEGREE)-------------------
0 ALPHA     CD       CL       CM       CN       CA       XCP        CLA          CMA          CYB          CNB          CLB
0
   -3.0     .021    -.019     .1407   -.020     .020   -7.074    1.050E-01   -2.446E-02   -9.162E-03    1.338E-03   -1.284E-03
   -2.5     .021     .034     .1299    .033     .022    3.985    1.059E-01   -2.378E-02                             -1.293E-03
   -2.0     .021     .086     .1193    .086     .024    1.395    1.069E-01   -2.331E-02                             -1.303E-03
   -1.5     .021     .140     .1089    .139     .025     .783    1.080E-01   -2.283E-02                             -1.313E-03
   -1.0     .022     .194     .0988    .193     .025     .511    1.091E-01   -2.247E-02                             -1.323E-03
     .0     .023     .303     .0788    .303     .023     .260    1.112E-01   -2.244E-02                             -1.343E-03
     .5     .025     .359     .0687    .359     .022     .192    1.122E-01   -2.228E-02                             -1.354E-03
    1.0     .027     .415     .0588    .415     .019     .142    1.132E-01   -2.207E-02                             -1.364E-03
    1.5     .029     .471     .0489    .472     .016     .104    1.141E-01   -2.203E-02                             -1.375E-03
    2.0     .031     .528     .0391    .529     .012     .074    1.149E-01   -2.185E-02                             -1.386E-03
    2.5     .033     .585     .0293    .586     .008     .050    1.156E-01   -2.167E-02                             -1.397E-03
    3.0     .036     .643     .0196    .644     .003     .030    1.163E-01   -2.164E-02                             -1.408E-03
    3.5     .040     .701     .0099    .702    -.003     .014    1.170E-01   -2.170E-02                             -1.419E-03
    4.0     .043     .759     .0001    .760    -.010     .000    1.177E-01   -2.172E-02                             -1.430E-03
    5.0     .052     .877    -.0194    .878    -.025    -.022    1.194E-01   -2.185E-02                             -1.454E-03
    6.0     .061     .996    -.0391    .997    -.043    -.039    1.211E-01   -2.245E-02                             -1.478E-03
    7.5     .079    1.179    -.0705   1.179    -.076    -.060    1.154E-01   -2.418E-02                             -1.517E-03
   10.0     .109    1.436    -.1287   1.433    -.142    -.090    9.499E-02   -2.806E-02                             -1.559E-03
   12.5     .140    1.649    -.1970   1.640    -.220    -.120    7.459E-02   -3.527E-02                             -1.583E-03
   15.0     .170    1.803    -.2875   1.786    -.303    -.161    5.104E-02   -4.527E-02                             -1.577E-03
0                                    ALPHA     Q/QINF    EPSLON  D(EPSLON)/D(ALPHA)
0
                                     -3.0      1.000       .417         .527
                                     -2.5      1.000       .680         .531
                                     -2.0      1.000       .948         .540
                                     -1.5      1.000      1.220         .548
                                     -1.0      1.000      1.496         .553
                                       .0      1.000      2.050         .547
                                       .5      1.000      2.322         .548
                                      1.0      1.000      2.598         .549
                                      1.5      1.000      2.871         .547
                                      2.0      1.000      3.145         .547
                                      2.5      1.000      3.418         .546
                                      3.0      1.000      3.692         .545
                                      3.5      1.000      3.964         .544
                                      4.0      1.000      4.236         .543
                                      5.0      1.000      4.776         .538
                                      6.0      1.000      5.312         .527
                                      7.5      1.000      6.080         .488
                                     10.0      1.000      7.200         .384
                                     12.5       .936      8.001         .260
                                     15.0       .967      8.499         .199
0*** VEHICLE WEIGHT =    650.36 LB.
0*** LEVEL FLIGHT LIFT COEFFICIENT =  .16129
1                            AUTOMATED STABILITY AND CONTROL METHODS PER APRIL 1976 VERSION OF DATCOM
                                         CHARACTERISTICS OF HIGH LIFT AND CONTROL DEVICES
                                            TAIL PLAIN TRAILING-EDGE FLAP CONFIGURATION
                                                  TOTAL: ProMecc Freccia Aircraft
 -----------------------  FLIGHT CONDITIONS  ------------------------           --------------  REFERENCE DIMENSIONS  ------------
  MACH    ALTITUDE   VELOCITY    PRESSURE    TEMPERATURE     REYNOLDS             REF.      REFERENCE LENGTH   MOMENT REF. CENTER
 NUMBER                                                       NUMBER              AREA       LONG.     LAT.     HORIZ      VERT
             FT       FT/SEC     LB/FT**2       DEG R         1/FT               FT**2        FT        FT        FT        FT
0  .158        .00     176.38   2.1162E+03     518.670     1.0700E+06           109.038      3.966    28.796     6.900     -.834
0            ---------INCREMENTS DUE TO DEFLECTION---------              ---DERIVATIVES (PER DEGREE)---
0     DELTA     D(CL)     D(CM)    D(CL MAX)    D(CD MIN)                (CLA)D     (CH)A       (CH)D


      -20.0     -.180      .4886      .134       .00980                  NDM      -4.090E-03  -7.744E-03
      -15.0     -.168      .4525      .108       .00656                  NDM                  -7.107E-03
      -10.0     -.117      .3147      .078       .00327                  NDM                  -6.967E-03
       -5.0     -.058      .1574      .040       .00162                  NDM                  -6.967E-03
         .0      .000     -.0003      .000       .00000                  NDM                  -6.967E-03
        2.5      .029     -.0787      .020       .00081                  NDM                  -6.967E-03
        5.0      .058     -.1574      .040       .00162                  NDM                  -6.967E-03
       10.0      .117     -.3147      .078       .00327                  NDM                  -6.967E-03
       15.0      .168     -.4525      .108       .00656                  NDM                  -7.107E-03
0  *** NOTE * HINGE MOMENT DERIVATIVES ARE BASED ON TWICE THE AREA-MOMENT OF THE CONTROL ABOUT ITS HINGE LINE

0            --------- INDUCED DRAG COEFFICIENT INCREMENT , D(CDI) , DUE TO DEFLECTION ---------
0       DELTA = -20.0     -15.0     -10.0      -5.0        .0       2.5       5.0      10.0      15.0
   ALPHA
0
    -3.0        1.20E-02  1.07E-02  5.87E-03  2.04E-03 -2.28E-06 -3.47E-04 -2.47E-04  1.30E-03  4.12E-03
    -2.5        1.17E-02  1.04E-02  5.63E-03  1.92E-03 -2.05E-06 -2.89E-04 -1.30E-04  1.53E-03  4.46E-03
    -2.0        1.13E-02  1.00E-02  5.40E-03  1.81E-03 -1.82E-06 -2.31E-04 -1.49E-05  1.76E-03  4.79E-03
    -1.5        1.10E-02  9.70E-03  5.18E-03  1.69E-03 -1.59E-06 -1.75E-04  9.79E-05  1.99E-03  5.11E-03
    -1.0        1.06E-02  9.38E-03  4.95E-03  1.58E-03 -1.37E-06 -1.19E-04  2.09E-04  2.21E-03  5.43E-03
      .0        9.95E-03  8.75E-03  4.51E-03  1.36E-03 -9.28E-07 -9.04E-06  4.30E-04  2.65E-03  6.07E-03
      .5        9.60E-03  8.42E-03  4.29E-03  1.25E-03 -7.02E-07  4.74E-05  5.42E-04  2.88E-03  6.39E-03
     1.0        9.26E-03  8.10E-03  4.07E-03  1.14E-03 -4.81E-07  1.03E-04  6.53E-04  3.10E-03  6.71E-03
     1.5        8.91E-03  7.78E-03  3.84E-03  1.03E-03 -2.56E-07  1.59E-04  7.65E-04  3.32E-03  7.03E-03
     2.0        8.57E-03  7.46E-03  3.62E-03  9.13E-04 -3.27E-08  2.15E-04  8.77E-04  3.54E-03  7.35E-03
     2.5        8.22E-03  7.14E-03  3.39E-03  8.01E-04  1.92E-07  2.71E-04  9.89E-04  3.77E-03  7.68E-03
     3.0        7.87E-03  6.81E-03  3.17E-03  6.89E-04  4.16E-07  3.27E-04  1.10E-03  3.99E-03  8.00E-03
     3.5        7.53E-03  6.49E-03  2.94E-03  5.76E-04  6.41E-07  3.83E-04  1.21E-03  4.22E-03  8.32E-03
     4.0        7.18E-03  6.16E-03  2.72E-03  4.63E-04  8.67E-07  4.40E-04  1.33E-03  4.44E-03  8.65E-03
     5.0        6.48E-03  5.51E-03  2.26E-03  2.36E-04  1.32E-06  5.53E-04  1.55E-03  4.90E-03  9.30E-03
     6.0        5.77E-03  4.85E-03  1.80E-03  6.49E-06  1.78E-06  6.68E-04  1.78E-03  5.36E-03  9.96E-03
     7.5        4.65E-03  3.81E-03  1.08E-03 -3.55E-04  2.50E-06  8.49E-04  2.15E-03  6.08E-03  1.10E-02
    10.0        2.55E-03  1.84E-03 -2.86E-04 -1.04E-03  3.87E-06  1.19E-03  2.83E-03  7.45E-03  1.30E-02
    12.5       -4.18E-05 -5.72E-04 -1.97E-03 -1.88E-03  5.55E-06  1.61E-03  3.67E-03  9.13E-03  1.54E-02
    15.0       -3.10E-03 -3.42E-03 -3.95E-03 -2.87E-03  7.53E-06  2.11E-03  4.66E-03  1.11E-02  1.82E-02
0***NDM PRINTED WHEN NO DATCOM METHODS EXIST
1 END OF JOB.
